<?xml version="1.0" encoding="UTF-8"?>
<testsuite xmlns:xsi="http://www.w3.org/2001/XMLSchema-instance" xsi:noNamespaceSchemaLocation="https://maven.apache.org/surefire/maven-surefire-plugin/xsd/surefire-test-report.xsd" name="com.example.TesiIntegrazioneProgettoEsterno.Test_Katalon" time="23.159" tests="1" errors="1" skipped="0" failures="0">
  <properties>
[...]
</properties>
  <testcase name="test_loc_Katalon_release_1_1" classname="com.example.TesiIntegrazioneProgettoEsterno.Test_Katalon" time="23.113">
    <error message="element click intercepted: Element &lt;a _ngcontent-rie-c131=&quot;&quot; x448609128836-x-test-tpl-1=&quot;&quot; class=&quot;flex flex-col flex-1&quot; ng-reflect-router-link=&quot;/albums/3qIzdyKX4HnVSZsHgJMlKi&quot; href=&quot;/albums/3qIzdyKX4HnVSZsHgJMlKi&quot;&gt;...&lt;/a&gt; is not clickable at point (762, 1170). Other element would receive the click: &lt;div class=&quot;ant-slider-rail&quot;&gt;&lt;/div&gt;&#10;  (Session info: headless chrome=110.0.5481.100)&#10;Build info: version: &apos;4.0.0-alpha-3&apos;, revision: &apos;8c567de6dc&apos;&#10;System info: host: &apos;fv-az398-891&apos;, ip: &apos;10.1.138.0&apos;, os.name: &apos;Linux&apos;, os.arch: &apos;amd64&apos;, os.version: &apos;5.15.0-1033-azure&apos;, java.version: &apos;11.0.18&apos;&#10;Driver info: org.openqa.selenium.chrome.ChromeDriver&#10;Capabilities {acceptInsecureCerts: false, browserName: chrome, browserVersion: 110.0.5481.100, chrome: {chromedriverVersion: 110.0.5481.77 (65ed616c6e8e..., userDataDir: /tmp/.com.google.Chrome.UTTWsU}, goog:chromeOptions: {debuggerAddress: localhost:46263}, javascriptEnabled: true, networkConnectionEnabled: false, pageLoadStrategy: normal, platform: LINUX, platformName: LINUX, proxy: Proxy(), setWindowRect: true, strictFileInteractability: false, timeouts: {implicit: 0, pageLoad: 300000, script: 30000}, unhandledPromptBehavior: dismiss and notify, webauthn:extension:credBlob: true, webauthn:extension:largeBlob: true, webauthn:virtualAuthenticators: true}&#10;Session ID: bf7011b16cbd00655857c8212fbe363b" type="org.openqa.selenium.ElementClickInterceptedException"><![CDATA[org.openqa.selenium.ElementClickInterceptedException: 
element click intercepted: Element <a _ngcontent-rie-c131="" x448609128836-x-test-tpl-1="" class="flex flex-col flex-1" ng-reflect-router-link="/albums/3qIzdyKX4HnVSZsHgJMlKi" href="/albums/3qIzdyKX4HnVSZsHgJMlKi">...</a> is not clickable at point (762, 1170). Other element would receive the click: <div class="ant-slider-rail"></div>
  (Session info: headless chrome=110.0.5481.100)
Build info: version: '4.0.0-alpha-3', revision: '8c567de6dc'
System info: host: 'fv-az398-891', ip: '10.1.138.0', os.name: 'Linux', os.arch: 'amd64', os.version: '5.15.0-1033-azure', java.version: '11.0.18'
Driver info: org.openqa.selenium.chrome.ChromeDriver
Capabilities {acceptInsecureCerts: false, browserName: chrome, browserVersion: 110.0.5481.100, chrome: {chromedriverVersion: 110.0.5481.77 (65ed616c6e8e..., userDataDir: /tmp/.com.google.Chrome.UTTWsU}, goog:chromeOptions: {debuggerAddress: localhost:46263}, javascriptEnabled: true, networkConnectionEnabled: false, pageLoadStrategy: normal, platform: LINUX, platformName: LINUX, proxy: Proxy(), setWindowRect: true, strictFileInteractability: false, timeouts: {implicit: 0, pageLoad: 300000, script: 30000}, unhandledPromptBehavior: dismiss and notify, webauthn:extension:credBlob: true, webauthn:extension:largeBlob: true, webauthn:virtualAuthenticators: true}
Session ID: bf7011b16cbd00655857c8212fbe363b
	at com.example.TesiIntegrazioneProgettoEsterno.Test_Katalon.test_loc_Katalon_release_1_1(Test_Katalon.java:115)
]]></error>
    <system-err><![CDATA[[main] INFO io.github.bonigarcia.wdm.WebDriverManager - Please answer the following questionnaire based on your experience with WebDriverManager. Thanks a lot!
[main] INFO io.github.bonigarcia.wdm.WebDriverManager - ====> http://tiny.cc/wdm-survey <====
[main] INFO io.github.bonigarcia.wdm.WebDriverManager - Using chromedriver 110.0.5481.77 (since Chrome 110 is installed in your machine)
[main] INFO io.github.bonigarcia.wdm.WebDriverManager - Reading https://chromedriver.storage.googleapis.com/ to seek chromedriver
[main] INFO io.github.bonigarcia.wdm.online.Downloader - Downloading https://chromedriver.storage.googleapis.com/110.0.5481.77/chromedriver_linux64.zip
[main] INFO io.github.bonigarcia.wdm.online.Downloader - Extracting binary from compressed file chromedriver_linux64.zip
[main] INFO io.github.bonigarcia.wdm.WebDriverManager - Exporting webdriver.chrome.driver as /root/.m2/repository/webdriver/chromedriver/linux64/110.0.5481.77/chromedriver
Starting ChromeDriver 110.0.5481.77 (65ed616c6e8ee3fe0ad64fe83796c020644d42af-refs/branch-heads/5481@{#839}) on port 18738
All remote connections are allowed. Use an allowlist instead!
Please see https://chromedriver.chromium.org/security-considerations for suggestions on keeping ChromeDriver safe.
ChromeDriver was started successfully.
[1677081777.878][WARNING]: virtual void DevToolsClientImpl::AddListener(DevToolsEventListener *) subscribing a listener to the already connected DevToolsClient. Connection notification will not arrive.
Feb 22, 2023 4:02:58 PM org.openqa.selenium.remote.ProtocolHandshake createSession
INFO: Detected dialect: W3C
]]></system-err>
  </testcase>
</testsuite>